<?xml version="1.0" encoding="UTF-8"?>
<testng-results ignored="0" total="4" passed="4" failed="0" skipped="0">
  <reporter-output>
  </reporter-output>
  <suite started-at="2023-08-07T02:20:23 ECT" name="ReportDemoBancoGye" finished-at="2023-08-07T02:21:02 ECT" duration-ms="38256">
    <groups>
    </groups>
    <test started-at="2023-08-07T02:20:23 ECT" name="TestLogin" finished-at="2023-08-07T02:20:31 ECT" duration-ms="8092">
      <class name="com.proyect.testcase.TestLogin">
        <test-method is-config="true" signature="setUp()[pri:0, instance:com.proyect.testcase.TestLogin@740cae06]" started-at="2023-08-07T02:20:23 ECT" name="setUp" finished-at="2023-08-07T02:20:27 ECT" duration-ms="3811" status="PASS">
          <reporter-output>
          </reporter-output>
        </test-method> <!-- setUp -->
        <test-method signature="test()[pri:0, instance:com.proyect.testcase.TestLogin@740cae06]" started-at="2023-08-07T02:20:27 ECT" name="test" finished-at="2023-08-07T02:20:31 ECT" duration-ms="4233" status="PASS">
          <reporter-output>
          </reporter-output>
        </test-method> <!-- test -->
        <test-method is-config="true" signature="tearDown()[pri:0, instance:com.proyect.testcase.TestLogin@740cae06]" started-at="2023-08-07T02:20:31 ECT" name="tearDown" finished-at="2023-08-07T02:20:31 ECT" duration-ms="0" status="PASS">
          <reporter-output>
          </reporter-output>
        </test-method> <!-- tearDown -->
      </class> <!-- com.proyect.testcase.TestLogin -->
    </test> <!-- TestLogin -->
    <test started-at="2023-08-07T02:20:32 ECT" name="TestRegistroUsuario" finished-at="2023-08-07T02:20:38 ECT" duration-ms="6551">
      <class name="com.proyect.testcase.TestRegistroUsuario">
        <test-method is-config="true" signature="setUp()[pri:0, instance:com.proyect.testcase.TestRegistroUsuario@7e057f43]" started-at="2023-08-07T02:20:32 ECT" name="setUp" finished-at="2023-08-07T02:20:34 ECT" duration-ms="2311" status="PASS">
          <reporter-output>
          </reporter-output>
        </test-method> <!-- setUp -->
        <test-method signature="test()[pri:0, instance:com.proyect.testcase.TestRegistroUsuario@7e057f43]" started-at="2023-08-07T02:20:34 ECT" name="test" finished-at="2023-08-07T02:20:38 ECT" duration-ms="4238" status="PASS">
          <reporter-output>
          </reporter-output>
        </test-method> <!-- test -->
        <test-method is-config="true" signature="tearDown()[pri:0, instance:com.proyect.testcase.TestRegistroUsuario@7e057f43]" started-at="2023-08-07T02:20:38 ECT" name="tearDown" finished-at="2023-08-07T02:20:38 ECT" duration-ms="0" status="PASS">
          <reporter-output>
          </reporter-output>
        </test-method> <!-- tearDown -->
      </class> <!-- com.proyect.testcase.TestRegistroUsuario -->
    </test> <!-- TestRegistroUsuario -->
    <test started-at="2023-08-07T02:20:38 ECT" name="TestRetiroCuenta" finished-at="2023-08-07T02:20:48 ECT" duration-ms="10130">
      <class name="com.proyect.testcase.TestRetiroCuenta">
        <test-method is-config="true" signature="setUp()[pri:0, instance:com.proyect.testcase.TestRetiroCuenta@6440112d]" started-at="2023-08-07T02:20:38 ECT" name="setUp" finished-at="2023-08-07T02:20:40 ECT" duration-ms="1590" status="PASS">
          <reporter-output>
          </reporter-output>
        </test-method> <!-- setUp -->
        <test-method signature="test()[pri:0, instance:com.proyect.testcase.TestRetiroCuenta@6440112d]" started-at="2023-08-07T02:20:40 ECT" name="test" finished-at="2023-08-07T02:20:48 ECT" duration-ms="8537" status="PASS">
          <reporter-output>
          </reporter-output>
        </test-method> <!-- test -->
        <test-method is-config="true" signature="tearDown()[pri:0, instance:com.proyect.testcase.TestRetiroCuenta@6440112d]" started-at="2023-08-07T02:20:48 ECT" name="tearDown" finished-at="2023-08-07T02:20:48 ECT" duration-ms="0" status="PASS">
          <reporter-output>
          </reporter-output>
        </test-method> <!-- tearDown -->
      </class> <!-- com.proyect.testcase.TestRetiroCuenta -->
    </test> <!-- TestRetiroCuenta -->
    <test started-at="2023-08-07T02:20:48 ECT" name="TestTransferenciaCuenta" finished-at="2023-08-07T02:21:02 ECT" duration-ms="13413">
      <class name="com.proyect.testcase.TestTransferenciaCuenta">
        <test-method is-config="true" signature="setUp()[pri:0, instance:com.proyect.testcase.TestTransferenciaCuenta@7d9d0818]" started-at="2023-08-07T02:20:48 ECT" name="setUp" finished-at="2023-08-07T02:20:50 ECT" duration-ms="2000" status="PASS">
          <reporter-output>
          </reporter-output>
        </test-method> <!-- setUp -->
        <test-method signature="test()[pri:0, instance:com.proyect.testcase.TestTransferenciaCuenta@7d9d0818]" started-at="2023-08-07T02:20:50 ECT" name="test" finished-at="2023-08-07T02:21:02 ECT" duration-ms="11410" status="PASS">
          <reporter-output>
          </reporter-output>
        </test-method> <!-- test -->
        <test-method is-config="true" signature="tearDown()[pri:0, instance:com.proyect.testcase.TestTransferenciaCuenta@7d9d0818]" started-at="2023-08-07T02:21:02 ECT" name="tearDown" finished-at="2023-08-07T02:21:02 ECT" duration-ms="1" status="PASS">
          <reporter-output>
          </reporter-output>
        </test-method> <!-- tearDown -->
      </class> <!-- com.proyect.testcase.TestTransferenciaCuenta -->
    </test> <!-- TestTransferenciaCuenta -->
  </suite> <!-- ReportDemoBancoGye -->
</testng-results>
